<?xml version="1.0" encoding="UTF-8"?>
<!-- Generated by org.testng.reporters.JUnitXMLReporter -->
<testsuite ignored="2" hostname="TYSS-Vijayalaxmi" failures="0" tests="2" name="TestRunner-2" time="14.411" errors="0" timestamp="2023-09-19T16:06:38 IST">
  <testcase classname="TestNG.Sample1Test" name="sample1test" time="0.006"/>
  <testcase classname="TestNG.Simple1Test" name="simple1Test" time="0.001"/>
  <testcase classname="com.crm.GenericUtils.Baseclass" name="@AfterSuite configAS" time="0.0">
    <ignored/>
  </testcase> <!-- @AfterSuite configAS -->
  <testcase classname="com.crm.GenericUtils.Baseclass" name="@BeforeSuite configBS" time="0.0">
    <ignored/>
  </testcase> <!-- @BeforeSuite configBS -->
</testsuite> <!-- TestRunner-2 -->
