<?xml version="1.0" encoding="UTF-8"?>
<testng-results ignored="0" total="1" passed="1" failed="0" skipped="0">
  <reporter-output>
  </reporter-output>
  <suite started-at="2023-11-10T12:36:44 IST" name="com.practicepackage.cmdTest" finished-at="2023-11-10T12:36:44 IST" duration-ms="41">
    <groups>
    </groups>
    <test started-at="2023-11-10T12:36:44 IST" name="Command line test" finished-at="2023-11-10T12:36:44 IST" duration-ms="41">
      <class name="com.practicepackage.cmdTest">
        <test-method signature="testt()[pri:0, instance:com.practicepackage.cmdTest@4d826d77]" started-at="2023-11-10T12:36:44 IST" name="testt" finished-at="2023-11-10T12:36:44 IST" duration-ms="4" status="PASS">
          <reporter-output>
          </reporter-output>
        </test-method> <!-- testt -->
      </class> <!-- com.practicepackage.cmdTest -->
    </test> <!-- Command line test -->
  </suite> <!-- com.practicepackage.cmdTest -->
</testng-results>
